  main.c
c:\users\madei\desktop\cpts 122\pa\pa2\pa2\main.c(7): warning C4996: 'fopen': This function or variable may be unsafe. Consider using fopen_s instead. To disable deprecation, use _CRT_SECURE_NO_WARNINGS. See online help for details.
  c:\program files (x86)\windows kits\10\include\10.0.10240.0\ucrt\stdio.h(205): note: see declaration of 'fopen'
c:\users\madei\desktop\cpts 122\pa\pa2\pa2\main.c(26): warning C4996: 'fopen': This function or variable may be unsafe. Consider using fopen_s instead. To disable deprecation, use _CRT_SECURE_NO_WARNINGS. See online help for details.
  c:\program files (x86)\windows kits\10\include\10.0.10240.0\ucrt\stdio.h(205): note: see declaration of 'fopen'
c:\users\madei\desktop\cpts 122\pa\pa2\pa2\main.c(59): warning C4996: 'fopen': This function or variable may be unsafe. Consider using fopen_s instead. To disable deprecation, use _CRT_SECURE_NO_WARNINGS. See online help for details.
  c:\program files (x86)\windows kits\10\include\10.0.10240.0\ucrt\stdio.h(205): note: see declaration of 'fopen'
  Source.c
c:\users\madei\desktop\cpts 122\pa\pa2\pa2\source.c(14): warning C4996: 'strcpy': This function or variable may be unsafe. Consider using strcpy_s instead. To disable deprecation, use _CRT_SECURE_NO_WARNINGS. See online help for details.
  c:\program files (x86)\windows kits\10\include\10.0.10240.0\ucrt\string.h(119): note: see declaration of 'strcpy'
c:\users\madei\desktop\cpts 122\pa\pa2\pa2\source.c(29): warning C4996: 'strncpy': This function or variable may be unsafe. Consider using strncpy_s instead. To disable deprecation, use _CRT_SECURE_NO_WARNINGS. See online help for details.
  c:\program files (x86)\windows kits\10\include\10.0.10240.0\ucrt\string.h(346): note: see declaration of 'strncpy'
c:\users\madei\desktop\cpts 122\pa\pa2\pa2\source.c(66): warning C4133: '=': incompatible types - from 'Song *' to 'song *'
c:\users\madei\desktop\cpts 122\pa\pa2\pa2\source.c(70): warning C4133: '=': incompatible types - from 'Song *' to 'song *'
c:\users\madei\desktop\cpts 122\pa\pa2\pa2\source.c(94): warning C4996: 'scanf': This function or variable may be unsafe. Consider using scanf_s instead. To disable deprecation, use _CRT_SECURE_NO_WARNINGS. See online help for details.
  c:\program files (x86)\windows kits\10\include\10.0.10240.0\ucrt\stdio.h(1270): note: see declaration of 'scanf'
c:\users\madei\desktop\cpts 122\pa\pa2\pa2\source.c(119): warning C4047: 'initializing': 'char' differs in levels of indirection from 'void *'
c:\users\madei\desktop\cpts 122\pa\pa2\pa2\source.c(129): warning C4996: 'strtok': This function or variable may be unsafe. Consider using strtok_s instead. To disable deprecation, use _CRT_SECURE_NO_WARNINGS. See online help for details.
  c:\program files (x86)\windows kits\10\include\10.0.10240.0\ucrt\string.h(453): note: see declaration of 'strtok'
c:\users\madei\desktop\cpts 122\pa\pa2\pa2\source.c(130): warning C4996: 'strtok': This function or variable may be unsafe. Consider using strtok_s instead. To disable deprecation, use _CRT_SECURE_NO_WARNINGS. See online help for details.
  c:\program files (x86)\windows kits\10\include\10.0.10240.0\ucrt\string.h(453): note: see declaration of 'strtok'
c:\users\madei\desktop\cpts 122\pa\pa2\pa2\source.c(131): warning C4996: 'strcpy': This function or variable may be unsafe. Consider using strcpy_s instead. To disable deprecation, use _CRT_SECURE_NO_WARNINGS. See online help for details.
  c:\program files (x86)\windows kits\10\include\10.0.10240.0\ucrt\string.h(119): note: see declaration of 'strcpy'
c:\users\madei\desktop\cpts 122\pa\pa2\pa2\source.c(132): warning C4996: 'strcat': This function or variable may be unsafe. Consider using strcat_s instead. To disable deprecation, use _CRT_SECURE_NO_WARNINGS. See online help for details.
  c:\program files (x86)\windows kits\10\include\10.0.10240.0\ucrt\string.h(90): note: see declaration of 'strcat'
c:\users\madei\desktop\cpts 122\pa\pa2\pa2\source.c(133): warning C4996: 'strcat': This function or variable may be unsafe. Consider using strcat_s instead. To disable deprecation, use _CRT_SECURE_NO_WARNINGS. See online help for details.
  c:\program files (x86)\windows kits\10\include\10.0.10240.0\ucrt\string.h(90): note: see declaration of 'strcat'
c:\users\madei\desktop\cpts 122\pa\pa2\pa2\source.c(134): warning C4996: 'strcpy': This function or variable may be unsafe. Consider using strcpy_s instead. To disable deprecation, use _CRT_SECURE_NO_WARNINGS. See online help for details.
  c:\program files (x86)\windows kits\10\include\10.0.10240.0\ucrt\string.h(119): note: see declaration of 'strcpy'
c:\users\madei\desktop\cpts 122\pa\pa2\pa2\source.c(135): warning C4996: 'strcpy': This function or variable may be unsafe. Consider using strcpy_s instead. To disable deprecation, use _CRT_SECURE_NO_WARNINGS. See online help for details.
  c:\program files (x86)\windows kits\10\include\10.0.10240.0\ucrt\string.h(119): note: see declaration of 'strcpy'
c:\users\madei\desktop\cpts 122\pa\pa2\pa2\source.c(136): warning C4996: 'strcpy': This function or variable may be unsafe. Consider using strcpy_s instead. To disable deprecation, use _CRT_SECURE_NO_WARNINGS. See online help for details.
  c:\program files (x86)\windows kits\10\include\10.0.10240.0\ucrt\string.h(119): note: see declaration of 'strcpy'
c:\users\madei\desktop\cpts 122\pa\pa2\pa2\source.c(137): warning C4996: 'strtok': This function or variable may be unsafe. Consider using strtok_s instead. To disable deprecation, use _CRT_SECURE_NO_WARNINGS. See online help for details.
  c:\program files (x86)\windows kits\10\include\10.0.10240.0\ucrt\string.h(453): note: see declaration of 'strtok'
c:\users\madei\desktop\cpts 122\pa\pa2\pa2\source.c(138): warning C4996: 'strtok': This function or variable may be unsafe. Consider using strtok_s instead. To disable deprecation, use _CRT_SECURE_NO_WARNINGS. See online help for details.
  c:\program files (x86)\windows kits\10\include\10.0.10240.0\ucrt\string.h(453): note: see declaration of 'strtok'
c:\users\madei\desktop\cpts 122\pa\pa2\pa2\source.c(142): warning C4996: 'strtok': This function or variable may be unsafe. Consider using strtok_s instead. To disable deprecation, use _CRT_SECURE_NO_WARNINGS. See online help for details.
  c:\program files (x86)\windows kits\10\include\10.0.10240.0\ucrt\string.h(453): note: see declaration of 'strtok'
c:\users\madei\desktop\cpts 122\pa\pa2\pa2\source.c(143): warning C4996: 'strtok': This function or variable may be unsafe. Consider using strtok_s instead. To disable deprecation, use _CRT_SECURE_NO_WARNINGS. See online help for details.
  c:\program files (x86)\windows kits\10\include\10.0.10240.0\ucrt\string.h(453): note: see declaration of 'strtok'
c:\users\madei\desktop\cpts 122\pa\pa2\pa2\source.c(147): warning C4996: 'strtok': This function or variable may be unsafe. Consider using strtok_s instead. To disable deprecation, use _CRT_SECURE_NO_WARNINGS. See online help for details.
  c:\program files (x86)\windows kits\10\include\10.0.10240.0\ucrt\string.h(453): note: see declaration of 'strtok'
c:\users\madei\desktop\cpts 122\pa\pa2\pa2\source.c(148): warning C4996: 'strcpy': This function or variable may be unsafe. Consider using strcpy_s instead. To disable deprecation, use _CRT_SECURE_NO_WARNINGS. See online help for details.
  c:\program files (x86)\windows kits\10\include\10.0.10240.0\ucrt\string.h(119): note: see declaration of 'strcpy'
c:\users\madei\desktop\cpts 122\pa\pa2\pa2\source.c(149): warning C4996: 'strcpy': This function or variable may be unsafe. Consider using strcpy_s instead. To disable deprecation, use _CRT_SECURE_NO_WARNINGS. See online help for details.
  c:\program files (x86)\windows kits\10\include\10.0.10240.0\ucrt\string.h(119): note: see declaration of 'strcpy'
c:\users\madei\desktop\cpts 122\pa\pa2\pa2\source.c(150): warning C4996: 'strcpy': This function or variable may be unsafe. Consider using strcpy_s instead. To disable deprecation, use _CRT_SECURE_NO_WARNINGS. See online help for details.
  c:\program files (x86)\windows kits\10\include\10.0.10240.0\ucrt\string.h(119): note: see declaration of 'strcpy'
c:\users\madei\desktop\cpts 122\pa\pa2\pa2\source.c(151): warning C4996: 'strcpy': This function or variable may be unsafe. Consider using strcpy_s instead. To disable deprecation, use _CRT_SECURE_NO_WARNINGS. See online help for details.
  c:\program files (x86)\windows kits\10\include\10.0.10240.0\ucrt\string.h(119): note: see declaration of 'strcpy'
c:\users\madei\desktop\cpts 122\pa\pa2\pa2\source.c(152): warning C4996: 'strtok': This function or variable may be unsafe. Consider using strtok_s instead. To disable deprecation, use _CRT_SECURE_NO_WARNINGS. See online help for details.
  c:\program files (x86)\windows kits\10\include\10.0.10240.0\ucrt\string.h(453): note: see declaration of 'strtok'
c:\users\madei\desktop\cpts 122\pa\pa2\pa2\source.c(153): warning C4996: 'strtok': This function or variable may be unsafe. Consider using strtok_s instead. To disable deprecation, use _CRT_SECURE_NO_WARNINGS. See online help for details.
  c:\program files (x86)\windows kits\10\include\10.0.10240.0\ucrt\string.h(453): note: see declaration of 'strtok'
c:\users\madei\desktop\cpts 122\pa\pa2\pa2\source.c(157): warning C4996: 'strtok': This function or variable may be unsafe. Consider using strtok_s instead. To disable deprecation, use _CRT_SECURE_NO_WARNINGS. See online help for details.
  c:\program files (x86)\windows kits\10\include\10.0.10240.0\ucrt\string.h(453): note: see declaration of 'strtok'
c:\users\madei\desktop\cpts 122\pa\pa2\pa2\source.c(158): warning C4996: 'strtok': This function or variable may be unsafe. Consider using strtok_s instead. To disable deprecation, use _CRT_SECURE_NO_WARNINGS. See online help for details.
  c:\program files (x86)\windows kits\10\include\10.0.10240.0\ucrt\string.h(453): note: see declaration of 'strtok'
c:\users\madei\desktop\cpts 122\pa\pa2\pa2\source.c(177): warning C4133: '=': incompatible types - from 'song *' to 'Song *'
c:\users\madei\desktop\cpts 122\pa\pa2\pa2\source.c(176): warning C4477: 'fprintf' : format string '%d' requires an argument of type 'int', but variadic argument 5 has type 'Duration'
c:\users\madei\desktop\cpts 122\pa\pa2\pa2\source.c(176): warning C4473: 'fprintf' : not enough arguments passed for format string
  c:\users\madei\desktop\cpts 122\pa\pa2\pa2\source.c(176): note: placeholders and their parameters expect 8 variadic arguments, but 7 were provided
  c:\users\madei\desktop\cpts 122\pa\pa2\pa2\source.c(176): note: the missing variadic argument 8 is required by format string '%d'
c:\users\madei\desktop\cpts 122\pa\pa2\pa2\source.c(199): warning C4133: '=': incompatible types - from 'song *' to 'Song *'
c:\users\madei\desktop\cpts 122\pa\pa2\pa2\source.c(218): warning C4133: '=': incompatible types - from 'song *' to 'Song *'
c:\users\madei\desktop\cpts 122\pa\pa2\pa2\source.c(224): warning C4133: '=': incompatible types - from 'song *' to 'Song *'
c:\users\madei\desktop\cpts 122\pa\pa2\pa2\source.c(242): warning C4133: '=': incompatible types - from 'song *' to 'Song *'
c:\users\madei\desktop\cpts 122\pa\pa2\pa2\source.c(247): warning C4133: '=': incompatible types - from 'song *' to 'Song *'
c:\users\madei\desktop\cpts 122\pa\pa2\pa2\source.c(192): warning C4996: 'scanf': This function or variable may be unsafe. Consider using scanf_s instead. To disable deprecation, use _CRT_SECURE_NO_WARNINGS. See online help for details.
  c:\program files (x86)\windows kits\10\include\10.0.10240.0\ucrt\stdio.h(1270): note: see declaration of 'scanf'
c:\users\madei\desktop\cpts 122\pa\pa2\pa2\source.c(206): warning C4996: 'scanf': This function or variable may be unsafe. Consider using scanf_s instead. To disable deprecation, use _CRT_SECURE_NO_WARNINGS. See online help for details.
  c:\program files (x86)\windows kits\10\include\10.0.10240.0\ucrt\stdio.h(1270): note: see declaration of 'scanf'
c:\users\madei\desktop\cpts 122\pa\pa2\pa2\source.c(209): warning C4996: 'scanf': This function or variable may be unsafe. Consider using scanf_s instead. To disable deprecation, use _CRT_SECURE_NO_WARNINGS. See online help for details.
  c:\program files (x86)\windows kits\10\include\10.0.10240.0\ucrt\stdio.h(1270): note: see declaration of 'scanf'
c:\users\madei\desktop\cpts 122\pa\pa2\pa2\source.c(232): warning C4996: 'strcat': This function or variable may be unsafe. Consider using strcat_s instead. To disable deprecation, use _CRT_SECURE_NO_WARNINGS. See online help for details.
  c:\program files (x86)\windows kits\10\include\10.0.10240.0\ucrt\string.h(90): note: see declaration of 'strcat'
c:\users\madei\desktop\cpts 122\pa\pa2\pa2\source.c(233): warning C4996: 'strcat': This function or variable may be unsafe. Consider using strcat_s instead. To disable deprecation, use _CRT_SECURE_NO_WARNINGS. See online help for details.
  c:\program files (x86)\windows kits\10\include\10.0.10240.0\ucrt\string.h(90): note: see declaration of 'strcat'
c:\users\madei\desktop\cpts 122\pa\pa2\pa2\source.c(234): warning C4996: 'strcat': This function or variable may be unsafe. Consider using strcat_s instead. To disable deprecation, use _CRT_SECURE_NO_WARNINGS. See online help for details.
  c:\program files (x86)\windows kits\10\include\10.0.10240.0\ucrt\string.h(90): note: see declaration of 'strcat'
c:\users\madei\desktop\cpts 122\pa\pa2\pa2\source.c(235): warning C4996: 'strcat': This function or variable may be unsafe. Consider using strcat_s instead. To disable deprecation, use _CRT_SECURE_NO_WARNINGS. See online help for details.
  c:\program files (x86)\windows kits\10\include\10.0.10240.0\ucrt\string.h(90): note: see declaration of 'strcat'
c:\users\madei\desktop\cpts 122\pa\pa2\pa2\source.c(236): warning C4996: 'strcat': This function or variable may be unsafe. Consider using strcat_s instead. To disable deprecation, use _CRT_SECURE_NO_WARNINGS. See online help for details.
  c:\program files (x86)\windows kits\10\include\10.0.10240.0\ucrt\string.h(90): note: see declaration of 'strcat'
c:\users\madei\desktop\cpts 122\pa\pa2\pa2\source.c(267): warning C4133: '=': incompatible types - from 'song *' to 'Song *'
c:\users\madei\desktop\cpts 122\pa\pa2\pa2\source.c(289): warning C4996: 'scanf': This function or variable may be unsafe. Consider using scanf_s instead. To disable deprecation, use _CRT_SECURE_NO_WARNINGS. See online help for details.
  c:\program files (x86)\windows kits\10\include\10.0.10240.0\ucrt\stdio.h(1270): note: see declaration of 'scanf'
c:\users\madei\desktop\cpts 122\pa\pa2\pa2\source.c(291): warning C4996: 'scanf': This function or variable may be unsafe. Consider using scanf_s instead. To disable deprecation, use _CRT_SECURE_NO_WARNINGS. See online help for details.
  c:\program files (x86)\windows kits\10\include\10.0.10240.0\ucrt\stdio.h(1270): note: see declaration of 'scanf'
c:\users\madei\desktop\cpts 122\pa\pa2\pa2\source.c(306): warning C4133: '=': incompatible types - from 'song *' to 'Song *'
c:\users\madei\desktop\cpts 122\pa\pa2\pa2\source.c(305): warning C4996: 'scanf': This function or variable may be unsafe. Consider using scanf_s instead. To disable deprecation, use _CRT_SECURE_NO_WARNINGS. See online help for details.
  c:\program files (x86)\windows kits\10\include\10.0.10240.0\ucrt\stdio.h(1270): note: see declaration of 'scanf'
c:\users\madei\desktop\cpts 122\pa\pa2\pa2\source.c(320): warning C4133: '=': incompatible types - from 'song *' to 'Song *'
c:\users\madei\desktop\cpts 122\pa\pa2\pa2\source.c(318): warning C4477: 'printf' : format string '%d' requires an argument of type 'int', but variadic argument 5 has type 'Duration'
c:\users\madei\desktop\cpts 122\pa\pa2\pa2\source.c(318): warning C4473: 'printf' : not enough arguments passed for format string
  c:\users\madei\desktop\cpts 122\pa\pa2\pa2\source.c(318): note: placeholders and their parameters expect 8 variadic arguments, but 7 were provided
  c:\users\madei\desktop\cpts 122\pa\pa2\pa2\source.c(318): note: the missing variadic argument 8 is required by format string '%d'
c:\users\madei\desktop\cpts 122\pa\pa2\pa2\source.c(331): warning C4133: '=': incompatible types - from 'song *' to 'Song *'
c:\users\madei\desktop\cpts 122\pa\pa2\pa2\source.c(330): warning C4477: 'fprintf' : format string '%d' requires an argument of type 'int', but variadic argument 5 has type 'Duration'
c:\users\madei\desktop\cpts 122\pa\pa2\pa2\source.c(330): warning C4473: 'fprintf' : not enough arguments passed for format string
  c:\users\madei\desktop\cpts 122\pa\pa2\pa2\source.c(330): note: placeholders and their parameters expect 8 variadic arguments, but 7 were provided
  c:\users\madei\desktop\cpts 122\pa\pa2\pa2\source.c(330): note: the missing variadic argument 8 is required by format string '%d'
  Generating Code...
  pa2.vcxproj -> C:\Users\madei\Desktop\cpts 122\PA\pa2\x64\Debug\pa2.exe
  pa2.vcxproj -> C:\Users\madei\Desktop\cpts 122\PA\pa2\x64\Debug\pa2.pdb (Full PDB)
