  main.c
c:\users\madei\desktop\cpts 122\pa\pa1\pa1\main.c(42): warning C4047: 'function': 'FitbitData *' differs in levels of indirection from 'FitbitData (*)[1450]'
c:\users\madei\desktop\cpts 122\pa\pa1\pa1\main.c(42): warning C4024: 'strcturetostructure': different types for formal and actual parameter 1
c:\users\madei\desktop\cpts 122\pa\pa1\pa1\main.c(42): warning C4047: 'function': 'FitbitData *' differs in levels of indirection from 'FitbitData (*)[10]'
c:\users\madei\desktop\cpts 122\pa\pa1\pa1\main.c(42): warning C4024: 'strcturetostructure': different types for formal and actual parameter 3
c:\users\madei\desktop\cpts 122\pa\pa1\pa1\main.c(69): warning C4018: '<': signed/unsigned mismatch
c:\users\madei\desktop\cpts 122\pa\pa1\pa1\main.c(125): warning C4047: 'function': 'FitbitData *' differs in levels of indirection from 'FitbitData (*)[1450]'
c:\users\madei\desktop\cpts 122\pa\pa1\pa1\main.c(125): warning C4024: 'printtrashdata': different types for formal and actual parameter 1
c:\users\madei\desktop\cpts 122\pa\pa1\pa1\main.c(125): warning C4047: 'function': 'FitbitData *' differs in levels of indirection from 'FitbitData (*)[10]'
c:\users\madei\desktop\cpts 122\pa\pa1\pa1\main.c(125): warning C4024: 'printtrashdata': different types for formal and actual parameter 3
c:\users\madei\desktop\cpts 122\pa\pa1\pa1\main.c(8): warning C4996: 'fopen': This function or variable may be unsafe. Consider using fopen_s instead. To disable deprecation, use _CRT_SECURE_NO_WARNINGS. See online help for details.
  c:\program files (x86)\windows kits\10\include\10.0.10240.0\ucrt\stdio.h(205): note: see declaration of 'fopen'
c:\users\madei\desktop\cpts 122\pa\pa1\pa1\main.c(19): warning C4996: 'strtok': This function or variable may be unsafe. Consider using strtok_s instead. To disable deprecation, use _CRT_SECURE_NO_WARNINGS. See online help for details.
  c:\program files (x86)\windows kits\10\include\10.0.10240.0\ucrt\string.h(453): note: see declaration of 'strtok'
c:\users\madei\desktop\cpts 122\pa\pa1\pa1\main.c(20): warning C4996: 'strtok': This function or variable may be unsafe. Consider using strtok_s instead. To disable deprecation, use _CRT_SECURE_NO_WARNINGS. See online help for details.
  c:\program files (x86)\windows kits\10\include\10.0.10240.0\ucrt\string.h(453): note: see declaration of 'strtok'
c:\users\madei\desktop\cpts 122\pa\pa1\pa1\main.c(23): warning C4996: 'strcpy': This function or variable may be unsafe. Consider using strcpy_s instead. To disable deprecation, use _CRT_SECURE_NO_WARNINGS. See online help for details.
  c:\program files (x86)\windows kits\10\include\10.0.10240.0\ucrt\string.h(119): note: see declaration of 'strcpy'
c:\users\madei\desktop\cpts 122\pa\pa1\pa1\main.c(47): warning C4996: 'fopen': This function or variable may be unsafe. Consider using fopen_s instead. To disable deprecation, use _CRT_SECURE_NO_WARNINGS. See online help for details.
  c:\program files (x86)\windows kits\10\include\10.0.10240.0\ucrt\stdio.h(205): note: see declaration of 'fopen'
  Source.c
c:\users\madei\desktop\cpts 122\pa\pa1\pa1\source.c(38): warning C4996: 'strncpy': This function or variable may be unsafe. Consider using strncpy_s instead. To disable deprecation, use _CRT_SECURE_NO_WARNINGS. See online help for details.
  c:\program files (x86)\windows kits\10\include\10.0.10240.0\ucrt\string.h(346): note: see declaration of 'strncpy'
c:\users\madei\desktop\cpts 122\pa\pa1\pa1\source.c(51): warning C4996: 'strncpy': This function or variable may be unsafe. Consider using strncpy_s instead. To disable deprecation, use _CRT_SECURE_NO_WARNINGS. See online help for details.
  c:\program files (x86)\windows kits\10\include\10.0.10240.0\ucrt\string.h(346): note: see declaration of 'strncpy'
c:\users\madei\desktop\cpts 122\pa\pa1\pa1\source.c(59): warning C4996: 'strcpy': This function or variable may be unsafe. Consider using strcpy_s instead. To disable deprecation, use _CRT_SECURE_NO_WARNINGS. See online help for details.
  c:\program files (x86)\windows kits\10\include\10.0.10240.0\ucrt\string.h(119): note: see declaration of 'strcpy'
c:\users\madei\desktop\cpts 122\pa\pa1\pa1\source.c(65): warning C4996: 'strcpy': This function or variable may be unsafe. Consider using strcpy_s instead. To disable deprecation, use _CRT_SECURE_NO_WARNINGS. See online help for details.
  c:\program files (x86)\windows kits\10\include\10.0.10240.0\ucrt\string.h(119): note: see declaration of 'strcpy'
c:\users\madei\desktop\cpts 122\pa\pa1\pa1\source.c(149): warning C4996: 'strcpy': This function or variable may be unsafe. Consider using strcpy_s instead. To disable deprecation, use _CRT_SECURE_NO_WARNINGS. See online help for details.
  c:\program files (x86)\windows kits\10\include\10.0.10240.0\ucrt\string.h(119): note: see declaration of 'strcpy'
c:\users\madei\desktop\cpts 122\pa\pa1\pa1\source.c(150): warning C4996: 'strcpy': This function or variable may be unsafe. Consider using strcpy_s instead. To disable deprecation, use _CRT_SECURE_NO_WARNINGS. See online help for details.
  c:\program files (x86)\windows kits\10\include\10.0.10240.0\ucrt\string.h(119): note: see declaration of 'strcpy'
  Generating Code...
  pa1.vcxproj -> C:\Users\madei\Desktop\cpts 122\PA\pa1\Debug\pa1.exe
  pa1.vcxproj -> C:\Users\madei\Desktop\cpts 122\PA\pa1\Debug\pa1.pdb (Full PDB)
