  Source.c
c:\users\madei\desktop\cpts 122\pa\pa2\pa2\source.c(23): warning C4133: '=': incompatible types - from 'Song *' to 'song *'
c:\users\madei\desktop\cpts 122\pa\pa2\pa2\source.c(26): warning C4133: '=': incompatible types - from 'Song *' to 'song *'
c:\users\madei\desktop\cpts 122\pa\pa2\pa2\source.c(49): warning C4996: 'scanf': This function or variable may be unsafe. Consider using scanf_s instead. To disable deprecation, use _CRT_SECURE_NO_WARNINGS. See online help for details.
  c:\program files (x86)\windows kits\10\include\10.0.10240.0\ucrt\stdio.h(1270): note: see declaration of 'scanf'
c:\users\madei\desktop\cpts 122\pa\pa2\pa2\source.c(71): warning C4047: 'initializing': 'char' differs in levels of indirection from 'void *'
c:\users\madei\desktop\cpts 122\pa\pa2\pa2\source.c(81): warning C4996: 'strtok': This function or variable may be unsafe. Consider using strtok_s instead. To disable deprecation, use _CRT_SECURE_NO_WARNINGS. See online help for details.
  c:\program files (x86)\windows kits\10\include\10.0.10240.0\ucrt\string.h(453): note: see declaration of 'strtok'
c:\users\madei\desktop\cpts 122\pa\pa2\pa2\source.c(82): warning C4996: 'strtok': This function or variable may be unsafe. Consider using strtok_s instead. To disable deprecation, use _CRT_SECURE_NO_WARNINGS. See online help for details.
  c:\program files (x86)\windows kits\10\include\10.0.10240.0\ucrt\string.h(453): note: see declaration of 'strtok'
c:\users\madei\desktop\cpts 122\pa\pa2\pa2\source.c(83): warning C4996: 'strcpy': This function or variable may be unsafe. Consider using strcpy_s instead. To disable deprecation, use _CRT_SECURE_NO_WARNINGS. See online help for details.
  c:\program files (x86)\windows kits\10\include\10.0.10240.0\ucrt\string.h(119): note: see declaration of 'strcpy'
c:\users\madei\desktop\cpts 122\pa\pa2\pa2\source.c(84): warning C4996: 'strcat': This function or variable may be unsafe. Consider using strcat_s instead. To disable deprecation, use _CRT_SECURE_NO_WARNINGS. See online help for details.
  c:\program files (x86)\windows kits\10\include\10.0.10240.0\ucrt\string.h(90): note: see declaration of 'strcat'
c:\users\madei\desktop\cpts 122\pa\pa2\pa2\source.c(85): warning C4996: 'strcat': This function or variable may be unsafe. Consider using strcat_s instead. To disable deprecation, use _CRT_SECURE_NO_WARNINGS. See online help for details.
  c:\program files (x86)\windows kits\10\include\10.0.10240.0\ucrt\string.h(90): note: see declaration of 'strcat'
c:\users\madei\desktop\cpts 122\pa\pa2\pa2\source.c(86): warning C4996: 'strcpy': This function or variable may be unsafe. Consider using strcpy_s instead. To disable deprecation, use _CRT_SECURE_NO_WARNINGS. See online help for details.
  c:\program files (x86)\windows kits\10\include\10.0.10240.0\ucrt\string.h(119): note: see declaration of 'strcpy'
c:\users\madei\desktop\cpts 122\pa\pa2\pa2\source.c(87): warning C4996: 'strcpy': This function or variable may be unsafe. Consider using strcpy_s instead. To disable deprecation, use _CRT_SECURE_NO_WARNINGS. See online help for details.
  c:\program files (x86)\windows kits\10\include\10.0.10240.0\ucrt\string.h(119): note: see declaration of 'strcpy'
c:\users\madei\desktop\cpts 122\pa\pa2\pa2\source.c(88): warning C4996: 'strcpy': This function or variable may be unsafe. Consider using strcpy_s instead. To disable deprecation, use _CRT_SECURE_NO_WARNINGS. See online help for details.
  c:\program files (x86)\windows kits\10\include\10.0.10240.0\ucrt\string.h(119): note: see declaration of 'strcpy'
c:\users\madei\desktop\cpts 122\pa\pa2\pa2\source.c(89): warning C4996: 'strtok': This function or variable may be unsafe. Consider using strtok_s instead. To disable deprecation, use _CRT_SECURE_NO_WARNINGS. See online help for details.
  c:\program files (x86)\windows kits\10\include\10.0.10240.0\ucrt\string.h(453): note: see declaration of 'strtok'
c:\users\madei\desktop\cpts 122\pa\pa2\pa2\source.c(90): warning C4996: 'strtok': This function or variable may be unsafe. Consider using strtok_s instead. To disable deprecation, use _CRT_SECURE_NO_WARNINGS. See online help for details.
  c:\program files (x86)\windows kits\10\include\10.0.10240.0\ucrt\string.h(453): note: see declaration of 'strtok'
c:\users\madei\desktop\cpts 122\pa\pa2\pa2\source.c(94): warning C4996: 'strtok': This function or variable may be unsafe. Consider using strtok_s instead. To disable deprecation, use _CRT_SECURE_NO_WARNINGS. See online help for details.
  c:\program files (x86)\windows kits\10\include\10.0.10240.0\ucrt\string.h(453): note: see declaration of 'strtok'
c:\users\madei\desktop\cpts 122\pa\pa2\pa2\source.c(95): warning C4996: 'strtok': This function or variable may be unsafe. Consider using strtok_s instead. To disable deprecation, use _CRT_SECURE_NO_WARNINGS. See online help for details.
  c:\program files (x86)\windows kits\10\include\10.0.10240.0\ucrt\string.h(453): note: see declaration of 'strtok'
c:\users\madei\desktop\cpts 122\pa\pa2\pa2\source.c(99): warning C4996: 'strtok': This function or variable may be unsafe. Consider using strtok_s instead. To disable deprecation, use _CRT_SECURE_NO_WARNINGS. See online help for details.
  c:\program files (x86)\windows kits\10\include\10.0.10240.0\ucrt\string.h(453): note: see declaration of 'strtok'
c:\users\madei\desktop\cpts 122\pa\pa2\pa2\source.c(100): warning C4996: 'strcpy': This function or variable may be unsafe. Consider using strcpy_s instead. To disable deprecation, use _CRT_SECURE_NO_WARNINGS. See online help for details.
  c:\program files (x86)\windows kits\10\include\10.0.10240.0\ucrt\string.h(119): note: see declaration of 'strcpy'
c:\users\madei\desktop\cpts 122\pa\pa2\pa2\source.c(101): warning C4996: 'strcpy': This function or variable may be unsafe. Consider using strcpy_s instead. To disable deprecation, use _CRT_SECURE_NO_WARNINGS. See online help for details.
  c:\program files (x86)\windows kits\10\include\10.0.10240.0\ucrt\string.h(119): note: see declaration of 'strcpy'
c:\users\madei\desktop\cpts 122\pa\pa2\pa2\source.c(102): warning C4996: 'strcpy': This function or variable may be unsafe. Consider using strcpy_s instead. To disable deprecation, use _CRT_SECURE_NO_WARNINGS. See online help for details.
  c:\program files (x86)\windows kits\10\include\10.0.10240.0\ucrt\string.h(119): note: see declaration of 'strcpy'
c:\users\madei\desktop\cpts 122\pa\pa2\pa2\source.c(103): warning C4996: 'strcpy': This function or variable may be unsafe. Consider using strcpy_s instead. To disable deprecation, use _CRT_SECURE_NO_WARNINGS. See online help for details.
  c:\program files (x86)\windows kits\10\include\10.0.10240.0\ucrt\string.h(119): note: see declaration of 'strcpy'
c:\users\madei\desktop\cpts 122\pa\pa2\pa2\source.c(104): warning C4996: 'strtok': This function or variable may be unsafe. Consider using strtok_s instead. To disable deprecation, use _CRT_SECURE_NO_WARNINGS. See online help for details.
  c:\program files (x86)\windows kits\10\include\10.0.10240.0\ucrt\string.h(453): note: see declaration of 'strtok'
c:\users\madei\desktop\cpts 122\pa\pa2\pa2\source.c(105): warning C4996: 'strtok': This function or variable may be unsafe. Consider using strtok_s instead. To disable deprecation, use _CRT_SECURE_NO_WARNINGS. See online help for details.
  c:\program files (x86)\windows kits\10\include\10.0.10240.0\ucrt\string.h(453): note: see declaration of 'strtok'
c:\users\madei\desktop\cpts 122\pa\pa2\pa2\source.c(109): warning C4996: 'strtok': This function or variable may be unsafe. Consider using strtok_s instead. To disable deprecation, use _CRT_SECURE_NO_WARNINGS. See online help for details.
  c:\program files (x86)\windows kits\10\include\10.0.10240.0\ucrt\string.h(453): note: see declaration of 'strtok'
c:\users\madei\desktop\cpts 122\pa\pa2\pa2\source.c(110): warning C4996: 'strtok': This function or variable may be unsafe. Consider using strtok_s instead. To disable deprecation, use _CRT_SECURE_NO_WARNINGS. See online help for details.
  c:\program files (x86)\windows kits\10\include\10.0.10240.0\ucrt\string.h(453): note: see declaration of 'strtok'
c:\users\madei\desktop\cpts 122\pa\pa2\pa2\source.c(124): warning C4133: '=': incompatible types - from 'song *' to 'Song *'
c:\users\madei\desktop\cpts 122\pa\pa2\pa2\source.c(123): warning C4477: 'fprintf' : format string '%d' requires an argument of type 'int', but variadic argument 5 has type 'Duration'
c:\users\madei\desktop\cpts 122\pa\pa2\pa2\source.c(123): warning C4473: 'fprintf' : not enough arguments passed for format string
  c:\users\madei\desktop\cpts 122\pa\pa2\pa2\source.c(123): note: placeholders and their parameters expect 8 variadic arguments, but 7 were provided
  c:\users\madei\desktop\cpts 122\pa\pa2\pa2\source.c(123): note: the missing variadic argument 8 is required by format string '%d'
c:\users\madei\desktop\cpts 122\pa\pa2\pa2\source.c(143): warning C4133: '=': incompatible types - from 'song *' to 'Song *'
c:\users\madei\desktop\cpts 122\pa\pa2\pa2\source.c(160): warning C4133: '=': incompatible types - from 'song *' to 'Song *'
c:\users\madei\desktop\cpts 122\pa\pa2\pa2\source.c(165): warning C4133: '=': incompatible types - from 'song *' to 'Song *'
c:\users\madei\desktop\cpts 122\pa\pa2\pa2\source.c(182): warning C4133: '=': incompatible types - from 'song *' to 'Song *'
c:\users\madei\desktop\cpts 122\pa\pa2\pa2\source.c(187): warning C4133: '=': incompatible types - from 'song *' to 'Song *'
c:\users\madei\desktop\cpts 122\pa\pa2\pa2\source.c(137): warning C4996: 'scanf': This function or variable may be unsafe. Consider using scanf_s instead. To disable deprecation, use _CRT_SECURE_NO_WARNINGS. See online help for details.
  c:\program files (x86)\windows kits\10\include\10.0.10240.0\ucrt\stdio.h(1270): note: see declaration of 'scanf'
c:\users\madei\desktop\cpts 122\pa\pa2\pa2\source.c(142): warning C4477: 'printf' : format string '%d' requires an argument of type 'int', but variadic argument 5 has type 'Duration'
c:\users\madei\desktop\cpts 122\pa\pa2\pa2\source.c(142): warning C4473: 'printf' : not enough arguments passed for format string
  c:\users\madei\desktop\cpts 122\pa\pa2\pa2\source.c(142): note: placeholders and their parameters expect 8 variadic arguments, but 7 were provided
  c:\users\madei\desktop\cpts 122\pa\pa2\pa2\source.c(142): note: the missing variadic argument 8 is required by format string '%d'
c:\users\madei\desktop\cpts 122\pa\pa2\pa2\source.c(150): warning C4996: 'scanf': This function or variable may be unsafe. Consider using scanf_s instead. To disable deprecation, use _CRT_SECURE_NO_WARNINGS. See online help for details.
  c:\program files (x86)\windows kits\10\include\10.0.10240.0\ucrt\stdio.h(1270): note: see declaration of 'scanf'
c:\users\madei\desktop\cpts 122\pa\pa2\pa2\source.c(152): warning C4996: 'scanf': This function or variable may be unsafe. Consider using scanf_s instead. To disable deprecation, use _CRT_SECURE_NO_WARNINGS. See online help for details.
  c:\program files (x86)\windows kits\10\include\10.0.10240.0\ucrt\stdio.h(1270): note: see declaration of 'scanf'
c:\users\madei\desktop\cpts 122\pa\pa2\pa2\source.c(164): warning C4477: 'printf' : format string '%d' requires an argument of type 'int', but variadic argument 5 has type 'Duration'
c:\users\madei\desktop\cpts 122\pa\pa2\pa2\source.c(164): warning C4473: 'printf' : not enough arguments passed for format string
  c:\users\madei\desktop\cpts 122\pa\pa2\pa2\source.c(164): note: placeholders and their parameters expect 8 variadic arguments, but 7 were provided
  c:\users\madei\desktop\cpts 122\pa\pa2\pa2\source.c(164): note: the missing variadic argument 8 is required by format string '%d'
c:\users\madei\desktop\cpts 122\pa\pa2\pa2\source.c(173): warning C4996: 'strcat': This function or variable may be unsafe. Consider using strcat_s instead. To disable deprecation, use _CRT_SECURE_NO_WARNINGS. See online help for details.
  c:\program files (x86)\windows kits\10\include\10.0.10240.0\ucrt\string.h(90): note: see declaration of 'strcat'
c:\users\madei\desktop\cpts 122\pa\pa2\pa2\source.c(174): warning C4996: 'strcat': This function or variable may be unsafe. Consider using strcat_s instead. To disable deprecation, use _CRT_SECURE_NO_WARNINGS. See online help for details.
  c:\program files (x86)\windows kits\10\include\10.0.10240.0\ucrt\string.h(90): note: see declaration of 'strcat'
c:\users\madei\desktop\cpts 122\pa\pa2\pa2\source.c(175): warning C4996: 'strcat': This function or variable may be unsafe. Consider using strcat_s instead. To disable deprecation, use _CRT_SECURE_NO_WARNINGS. See online help for details.
  c:\program files (x86)\windows kits\10\include\10.0.10240.0\ucrt\string.h(90): note: see declaration of 'strcat'
c:\users\madei\desktop\cpts 122\pa\pa2\pa2\source.c(176): warning C4996: 'strcat': This function or variable may be unsafe. Consider using strcat_s instead. To disable deprecation, use _CRT_SECURE_NO_WARNINGS. See online help for details.
  c:\program files (x86)\windows kits\10\include\10.0.10240.0\ucrt\string.h(90): note: see declaration of 'strcat'
c:\users\madei\desktop\cpts 122\pa\pa2\pa2\source.c(177): warning C4996: 'strcat': This function or variable may be unsafe. Consider using strcat_s instead. To disable deprecation, use _CRT_SECURE_NO_WARNINGS. See online help for details.
  c:\program files (x86)\windows kits\10\include\10.0.10240.0\ucrt\string.h(90): note: see declaration of 'strcat'
c:\users\madei\desktop\cpts 122\pa\pa2\pa2\source.c(186): warning C4477: 'printf' : format string '%d' requires an argument of type 'int', but variadic argument 5 has type 'Duration'
c:\users\madei\desktop\cpts 122\pa\pa2\pa2\source.c(186): warning C4473: 'printf' : not enough arguments passed for format string
  c:\users\madei\desktop\cpts 122\pa\pa2\pa2\source.c(186): note: placeholders and their parameters expect 8 variadic arguments, but 7 were provided
  c:\users\madei\desktop\cpts 122\pa\pa2\pa2\source.c(186): note: the missing variadic argument 8 is required by format string '%d'
c:\users\madei\desktop\cpts 122\pa\pa2\pa2\source.c(204): warning C4133: '=': incompatible types - from 'song *' to 'Song *'
c:\users\madei\desktop\cpts 122\pa\pa2\pa2\source.c(210): warning C4013: 'gets' undefined; assuming extern returning int
c:\users\madei\desktop\cpts 122\pa\pa2\pa2\source.c(207): warning C4477: 'printf' : format string '%d' requires an argument of type 'int', but variadic argument 5 has type 'Duration'
c:\users\madei\desktop\cpts 122\pa\pa2\pa2\source.c(207): warning C4473: 'printf' : not enough arguments passed for format string
  c:\users\madei\desktop\cpts 122\pa\pa2\pa2\source.c(207): note: placeholders and their parameters expect 8 variadic arguments, but 7 were provided
  c:\users\madei\desktop\cpts 122\pa\pa2\pa2\source.c(207): note: the missing variadic argument 8 is required by format string '%d'
c:\users\madei\desktop\cpts 122\pa\pa2\pa2\source.c(212): warning C4996: 'scanf': This function or variable may be unsafe. Consider using scanf_s instead. To disable deprecation, use _CRT_SECURE_NO_WARNINGS. See online help for details.
  c:\program files (x86)\windows kits\10\include\10.0.10240.0\ucrt\stdio.h(1270): note: see declaration of 'scanf'
c:\users\madei\desktop\cpts 122\pa\pa2\pa2\source.c(214): warning C4996: 'scanf': This function or variable may be unsafe. Consider using scanf_s instead. To disable deprecation, use _CRT_SECURE_NO_WARNINGS. See online help for details.
  c:\program files (x86)\windows kits\10\include\10.0.10240.0\ucrt\stdio.h(1270): note: see declaration of 'scanf'
c:\users\madei\desktop\cpts 122\pa\pa2\pa2\source.c(216): warning C4996: 'scanf': This function or variable may be unsafe. Consider using scanf_s instead. To disable deprecation, use _CRT_SECURE_NO_WARNINGS. See online help for details.
  c:\program files (x86)\windows kits\10\include\10.0.10240.0\ucrt\stdio.h(1270): note: see declaration of 'scanf'
c:\users\madei\desktop\cpts 122\pa\pa2\pa2\source.c(218): warning C4996: 'scanf': This function or variable may be unsafe. Consider using scanf_s instead. To disable deprecation, use _CRT_SECURE_NO_WARNINGS. See online help for details.
  c:\program files (x86)\windows kits\10\include\10.0.10240.0\ucrt\stdio.h(1270): note: see declaration of 'scanf'
c:\users\madei\desktop\cpts 122\pa\pa2\pa2\source.c(220): warning C4996: 'scanf': This function or variable may be unsafe. Consider using scanf_s instead. To disable deprecation, use _CRT_SECURE_NO_WARNINGS. See online help for details.
  c:\program files (x86)\windows kits\10\include\10.0.10240.0\ucrt\stdio.h(1270): note: see declaration of 'scanf'
c:\users\madei\desktop\cpts 122\pa\pa2\pa2\source.c(224): warning C4477: 'scanf' : format string '%d' requires an argument of type 'int *', but variadic argument 1 has type 'int'
c:\users\madei\desktop\cpts 122\pa\pa2\pa2\source.c(224): warning C4996: 'scanf': This function or variable may be unsafe. Consider using scanf_s instead. To disable deprecation, use _CRT_SECURE_NO_WARNINGS. See online help for details.
  c:\program files (x86)\windows kits\10\include\10.0.10240.0\ucrt\stdio.h(1270): note: see declaration of 'scanf'
c:\users\madei\desktop\cpts 122\pa\pa2\pa2\source.c(226): warning C4477: 'scanf' : format string '%d' requires an argument of type 'int *', but variadic argument 1 has type 'int'
c:\users\madei\desktop\cpts 122\pa\pa2\pa2\source.c(226): warning C4996: 'scanf': This function or variable may be unsafe. Consider using scanf_s instead. To disable deprecation, use _CRT_SECURE_NO_WARNINGS. See online help for details.
  c:\program files (x86)\windows kits\10\include\10.0.10240.0\ucrt\stdio.h(1270): note: see declaration of 'scanf'
c:\users\madei\desktop\cpts 122\pa\pa2\pa2\source.c(235): warning C4133: '=': incompatible types - from 'song *' to 'Song *'
c:\users\madei\desktop\cpts 122\pa\pa2\pa2\source.c(234): warning C4996: 'scanf': This function or variable may be unsafe. Consider using scanf_s instead. To disable deprecation, use _CRT_SECURE_NO_WARNINGS. See online help for details.
  c:\program files (x86)\windows kits\10\include\10.0.10240.0\ucrt\stdio.h(1270): note: see declaration of 'scanf'
c:\users\madei\desktop\cpts 122\pa\pa2\pa2\source.c(248): warning C4133: '=': incompatible types - from 'song *' to 'Song *'
c:\users\madei\desktop\cpts 122\pa\pa2\pa2\source.c(246): warning C4477: 'printf' : format string '%d' requires an argument of type 'int', but variadic argument 5 has type 'Duration'
c:\users\madei\desktop\cpts 122\pa\pa2\pa2\source.c(246): warning C4473: 'printf' : not enough arguments passed for format string
  c:\users\madei\desktop\cpts 122\pa\pa2\pa2\source.c(246): note: placeholders and their parameters expect 8 variadic arguments, but 7 were provided
  c:\users\madei\desktop\cpts 122\pa\pa2\pa2\source.c(246): note: the missing variadic argument 8 is required by format string '%d'
c:\users\madei\desktop\cpts 122\pa\pa2\pa2\source.c(257): warning C4133: '=': incompatible types - from 'song *' to 'Song *'
c:\users\madei\desktop\cpts 122\pa\pa2\pa2\source.c(256): warning C4477: 'fprintf' : format string '%d' requires an argument of type 'int', but variadic argument 5 has type 'Duration'
c:\users\madei\desktop\cpts 122\pa\pa2\pa2\source.c(256): warning C4473: 'fprintf' : not enough arguments passed for format string
  c:\users\madei\desktop\cpts 122\pa\pa2\pa2\source.c(256): note: placeholders and their parameters expect 8 variadic arguments, but 7 were provided
  c:\users\madei\desktop\cpts 122\pa\pa2\pa2\source.c(256): note: the missing variadic argument 8 is required by format string '%d'
c:\users\madei\desktop\cpts 122\pa\pa2\pa2\source.c(227): warning C4716: 'edit': must return a value
  pa2.vcxproj -> C:\Users\madei\Desktop\cpts 122\PA\pa2\Debug\pa2.exe
  pa2.vcxproj -> C:\Users\madei\Desktop\cpts 122\PA\pa2\Debug\pa2.pdb (Full PDB)
